Using pre-set license
Built from '2020.3/staging' branch; Version is '2020.3.16f1 (049d6eca3c44) revision 302446'; Using compiler version '192528614'; Build Type 'Release'
OS: 'Windows 10 Home; OS build 19044.1586; Version 2009; 64bit' Language: 'en' Physical Memory: 16158 MB
BatchMode: 1, IsHumanControllingUs: 0, StartBugReporterOnCrash: 0, Is64bit: 1, IsPro: 0

 COMMAND LINE ARGUMENTS:
C:\Users\beatt\Desktop\Unity\2020.3.16f1\Editor\Unity.exe
-adb2
-batchMode
-noUpm
-name
AssetImportWorker0
-projectPath
C:/Users/beatt/Desktop/School/Game Optimization/BeattyPairSwap/BeattyPairSwap
-logFile
Logs/AssetImportWorker0.log
-srvPort
62415
Successfully changed project path to: C:/Users/beatt/Desktop/School/Game Optimization/BeattyPairSwap/BeattyPairSwap
C:/Users/beatt/Desktop/School/Game Optimization/BeattyPairSwap/BeattyPairSwap
Using Asset Import Pipeline V2.
Refreshing native plugins compatible for Editor in 44.65 ms, found 3 plugins.
Preloading 0 native plugins for Editor in 0.00 ms.
Initialize engine version: 2020.3.16f1 (049d6eca3c44)
[Subsystems] Discovering subsystems at path C:/Users/beatt/Desktop/Unity/2020.3.16f1/Editor/Data/Resources/UnitySubsystems
[Subsystems] Discovering subsystems at path C:/Users/beatt/Desktop/School/Game Optimization/BeattyPairSwap/BeattyPairSwap/Assets
GfxDevice: creating device client; threaded=0
Direct3D:
    Version:  Direct3D 11.0 [level 11.1]
    Renderer: NVIDIA GeForce RTX 3060 Laptop GPU (ID=0x2520)
    Vendor:   
    VRAM:     6023 MB
    Driver:   30.0.15.1179
Initialize mono
Mono path[0] = 'C:/Users/beatt/Desktop/Unity/2020.3.16f1/Editor/Data/Managed'
Mono path[1] = 'C:/Users/beatt/Desktop/Unity/2020.3.16f1/Editor/Data/MonoBleedingEdge/lib/mono/unityjit'
Mono config path = 'C:/Users/beatt/Desktop/Unity/2020.3.16f1/Editor/Data/MonoBleedingEdge/etc'
Using monoOptions --debugger-agent=transport=dt_socket,embedding=1,server=y,suspend=n,address=127.0.0.1:56284
Begin MonoManager ReloadAssembly
Registering precompiled unity dll's ...
Register platform support module: C:/Users/beatt/Desktop/Unity/2020.3.16f1/Editor/Data/PlaybackEngines/WindowsStandaloneSupport/UnityEditor.WindowsStandalone.Extensions.dll
Registered in 0.002572 seconds.
Native extension for WindowsStandalone target not found
Refreshing native plugins compatible for Editor in 42.08 ms, found 3 plugins.
Preloading 0 native plugins for Editor in 0.00 ms.
Mono: successfully reloaded assembly
- Completed reload, in  2.372 seconds
Domain Reload Profiling:
	ReloadAssembly (2372ms)
		BeginReloadAssembly (65ms)
			ExecutionOrderSort (0ms)
			DisableScriptedObjects (0ms)
			BackupInstance (0ms)
			ReleaseScriptingObjects (0ms)
			CreateAndSetChildDomain (1ms)
		EndReloadAssembly (478ms)
			LoadAssemblies (63ms)
			RebuildTransferFunctionScriptingTraits (0ms)
			SetupTypeCache (175ms)
			ReleaseScriptCaches (0ms)
			RebuildScriptCaches (37ms)
			SetupLoadedEditorAssemblies (185ms)
				LogAssemblyErrors (0ms)
				InitializePlatformSupportModulesInManaged (4ms)
				SetLoadedEditorAssemblies (0ms)
				RefreshPlugins (42ms)
				BeforeProcessingInitializeOnLoad (19ms)
				ProcessInitializeOnLoadAttributes (88ms)
				ProcessInitializeOnLoadMethodAttributes (31ms)
				AfterProcessingInitializeOnLoad (0ms)
				EditorAssembliesLoaded (0ms)
			ExecutionOrderSort2 (0ms)
			AwakeInstancesAfterBackupRestoration (0ms)
Platform modules already initialized, skipping
Registering precompiled user dll's ...
Registered in 0.005820 seconds.
Begin MonoManager ReloadAssembly
Native extension for WindowsStandalone target not found
Refreshing native plugins compatible for Editor in 42.09 ms, found 3 plugins.
Preloading 0 native plugins for Editor in 0.00 ms.
Mono: successfully reloaded assembly
- Completed reload, in  1.302 seconds
Domain Reload Profiling:
	ReloadAssembly (1303ms)
		BeginReloadAssembly (152ms)
			ExecutionOrderSort (0ms)
			DisableScriptedObjects (5ms)
			BackupInstance (0ms)
			ReleaseScriptingObjects (0ms)
			CreateAndSetChildDomain (18ms)
		EndReloadAssembly (1085ms)
			LoadAssemblies (98ms)
			RebuildTransferFunctionScriptingTraits (0ms)
			SetupTypeCache (290ms)
			ReleaseScriptCaches (0ms)
			RebuildScriptCaches (58ms)
			SetupLoadedEditorAssemblies (507ms)
				LogAssemblyErrors (0ms)
				InitializePlatformSupportModulesInManaged (4ms)
				SetLoadedEditorAssemblies (0ms)
				RefreshPlugins (42ms)
				BeforeProcessingInitializeOnLoad (96ms)
				ProcessInitializeOnLoadAttributes (341ms)
				ProcessInitializeOnLoadMethodAttributes (14ms)
				AfterProcessingInitializeOnLoad (9ms)
				EditorAssembliesLoaded (0ms)
			ExecutionOrderSort2 (0ms)
			AwakeInstancesAfterBackupRestoration (7ms)
Platform modules already initialized, skipping
========================================================================
Worker process is ready to serve import requests
Launched and connected shader compiler UnityShaderCompiler.exe after 0.05 seconds
Refreshing native plugins compatible for Editor in 0.96 ms, found 3 plugins.
Preloading 0 native plugins for Editor in 0.00 ms.
Unloading 2100 Unused Serialized files (Serialized files now loaded: 0)
System memory in use before: 93.9 MB.
System memory in use after: 94.0 MB.

Unloading 28 unused Assets to reduce memory usage. Loaded Objects now: 2537.
Total: 4.390200 ms (FindLiveObjects: 0.368400 ms CreateObjectMapping: 0.097700 ms MarkObjects: 3.846700 ms  DeleteObjects: 0.075700 ms)

AssetImportParameters requested are different than current active one (requested -> active):
  custom:framework-win-MediaFoundation: 216162199b28c13a410421893ffa2e32 -> 
  custom:video-decoder-ogg-theora: a1e56fd34408186e4bbccfd4996cb3dc -> 
  custom:container-muxer-webm: aa71ff27fc2769a1b78a27578f13a17b -> 
  custom:container-demuxer-webm: 4f35f7cbe854078d1ac9338744f61a02 -> 
  custom:container-demuxer-ogg: 62fdf1f143b41e24485cea50d1cbac27 -> 
  custom:video-encoder-webm-vp8: eb34c28f22e8b96e1ab97ce403110664 -> 
  custom:video-codec-MediaFoundation-h265: 746d11721c4dcdbdad8f713fa42b33f4 -> 
  custom:video-decoder-webm-vp8: 9c59270c3fd7afecdb556c50c9e8de78 -> 
  custom:audio-decoder-ogg-vorbis: bf7c407c2cedff20999df2af8eb42d56 -> 
  custom:audio-encoder-webm-vorbis: bf7c407c2cedff20999df2af8eb42d56 -> 
========================================================================
Received Import Request.
  path: Assets/2D Space Kit/Asteroids/Asteroid 5.png
  artifactKey: Guid(06ebc3b6f7d199745ac6895e9d0f2e09) Importer(815301076,1909f56bfc062723c751e8b465ee728b)
Start importing Assets/2D Space Kit/Asteroids/Asteroid 5.png using Guid(06ebc3b6f7d199745ac6895e9d0f2e09) Importer(815301076,1909f56bfc062723c751e8b465ee728b)  -> (artifact id: 'f0327e8074e81a3ac0221dcee53d83c7') in 0.129089 seconds 
  Import took 0.133074 seconds .

========================================================================
Received Import Request.
  Time since last request: 0.000255 seconds.
  path: Assets/2D Space Kit/Asteroids/Asteroid 1.png
  artifactKey: Guid(ee8261317c1ff734daa9da91d24312b3) Importer(815301076,1909f56bfc062723c751e8b465ee728b)
Start importing Assets/2D Space Kit/Asteroids/Asteroid 1.png using Guid(ee8261317c1ff734daa9da91d24312b3) Importer(815301076,1909f56bfc062723c751e8b465ee728b)  -> (artifact id: 'c920ea2e644eff2078bd6604c18ead27') in 0.015899 seconds 
  Import took 0.019437 seconds .

========================================================================
Received Import Request.
  Time since last request: 0.000174 seconds.
  path: Assets/2D Space Kit
  artifactKey: Guid(1e6883b4dc2462643bda8a63f7e0b1ce) Importer(815301076,1909f56bfc062723c751e8b465ee728b)
Start importing Assets/2D Space Kit using Guid(1e6883b4dc2462643bda8a63f7e0b1ce) Importer(815301076,1909f56bfc062723c751e8b465ee728b)  -> (artifact id: '5a5cc3a038edd7a2d9e1e48ff9dbd52d') in 0.002771 seconds 
  Import took 0.005909 seconds .

========================================================================
Received Import Request.
  Time since last request: 0.000160 seconds.
  path: Assets/2D Space Kit/Asteroids/Asteroid 2.png
  artifactKey: Guid(0f3a720ed8c07f14ea6b92d6fefc8c0c) Importer(815301076,1909f56bfc062723c751e8b465ee728b)
Start importing Assets/2D Space Kit/Asteroids/Asteroid 2.png using Guid(0f3a720ed8c07f14ea6b92d6fefc8c0c) Importer(815301076,1909f56bfc062723c751e8b465ee728b)  -> (artifact id: 'e84bdfa67e49ce4f77537b9ba0b94595') in 0.012767 seconds 
  Import took 0.016773 seconds .

========================================================================
Received Import Request.
  Time since last request: 0.000175 seconds.
  path: Assets/2D Space Kit/Asteroids
  artifactKey: Guid(6f6d22931d9b2b34d8886dd966823298) Importer(815301076,1909f56bfc062723c751e8b465ee728b)
Start importing Assets/2D Space Kit/Asteroids using Guid(6f6d22931d9b2b34d8886dd966823298) Importer(815301076,1909f56bfc062723c751e8b465ee728b)  -> (artifact id: 'cf990d70bc9f77fd96a4cef801dc5f9d') in 0.002822 seconds 
  Import took 0.005776 seconds .

========================================================================
Received Import Request.
  Time since last request: 0.000154 seconds.
  path: Assets/2D Space Kit/Asteroids/Asteroid 4.png
  artifactKey: Guid(f254e398beb012142a24633fa2b82def) Importer(815301076,1909f56bfc062723c751e8b465ee728b)
Start importing Assets/2D Space Kit/Asteroids/Asteroid 4.png using Guid(f254e398beb012142a24633fa2b82def) Importer(815301076,1909f56bfc062723c751e8b465ee728b)  -> (artifact id: 'ea498f3f85917b4667e5d5f908a73141') in 0.015076 seconds 
  Import took 0.018745 seconds .

========================================================================
Received Import Request.
  Time since last request: 0.000174 seconds.
  path: Assets/2D Space Kit/Asteroids/Asteroid 6.png
  artifactKey: Guid(9a04f6cfae75c064997fb1ddf1827c86) Importer(815301076,1909f56bfc062723c751e8b465ee728b)
Start importing Assets/2D Space Kit/Asteroids/Asteroid 6.png using Guid(9a04f6cfae75c064997fb1ddf1827c86) Importer(815301076,1909f56bfc062723c751e8b465ee728b)  -> (artifact id: '70086266fd84f6d3dbf15b7f8a5e9052') in 0.013098 seconds 
  Import took 0.016673 seconds .

========================================================================
Received Import Request.
  Time since last request: 0.000165 seconds.
  path: Assets/2D Space Kit/Asteroids/Asteroid 3.png
  artifactKey: Guid(a44af304548cb7b4aadb97582f60d728) Importer(815301076,1909f56bfc062723c751e8b465ee728b)
Start importing Assets/2D Space Kit/Asteroids/Asteroid 3.png using Guid(a44af304548cb7b4aadb97582f60d728) Importer(815301076,1909f56bfc062723c751e8b465ee728b)  -> (artifact id: 'f0712a2d6a6b938c1dd41f67daf93cb9') in 0.014241 seconds 
  Import took 0.017388 seconds .

========================================================================
Received Import Request.
  Time since last request: 4.693286 seconds.
  path: Assets/2D Space Kit/Background Elements
  artifactKey: Guid(ed5a240df89bee94aa7e37e1100200ae) Importer(815301076,1909f56bfc062723c751e8b465ee728b)
Start importing Assets/2D Space Kit/Background Elements using Guid(ed5a240df89bee94aa7e37e1100200ae) Importer(815301076,1909f56bfc062723c751e8b465ee728b)  -> (artifact id: 'e45081f03b0ce7807fcace79796ad08d') in 0.002495 seconds 
  Import took 0.042428 seconds .

========================================================================
Received Import Request.
  Time since last request: 0.602859 seconds.
  path: Assets/2D Space Kit/Backgrounds
  artifactKey: Guid(98ee24dac05249540a74e68692bbad09) Importer(815301076,1909f56bfc062723c751e8b465ee728b)
Start importing Assets/2D Space Kit/Backgrounds using Guid(98ee24dac05249540a74e68692bbad09) Importer(815301076,1909f56bfc062723c751e8b465ee728b)  -> (artifact id: 'b322a48452a03db834efe7ee487267c1') in 0.004215 seconds 
  Import took 0.009050 seconds .

========================================================================
Received Import Request.
  Time since last request: 0.001295 seconds.
  path: Assets/2D Space Kit/Backgrounds
  artifactKey: Guid(98ee24dac05249540a74e68692bbad09) Importer(815301076,1909f56bfc062723c751e8b465ee728b)
Start importing Assets/2D Space Kit/Backgrounds using Guid(98ee24dac05249540a74e68692bbad09) Importer(815301076,1909f56bfc062723c751e8b465ee728b)  -> (artifact id: 'b322a48452a03db834efe7ee487267c1') in 0.003378 seconds 
  Import took 0.007671 seconds .

========================================================================
Received Import Request.
  Time since last request: 0.373155 seconds.
  path: Assets/2D Space Kit/Debris
  artifactKey: Guid(d960dce02864c7d47acb5ff4515b9400) Importer(815301076,1909f56bfc062723c751e8b465ee728b)
Start importing Assets/2D Space Kit/Debris using Guid(d960dce02864c7d47acb5ff4515b9400) Importer(815301076,1909f56bfc062723c751e8b465ee728b)  -> (artifact id: '7d90f59743642faeb6184ee44900bf1b') in 0.002494 seconds 
  Import took 0.023407 seconds .

========================================================================
Received Import Request.
  Time since last request: 0.915555 seconds.
  path: Assets/2D Space Kit/Readme.txt
  artifactKey: Guid(430eb88e35c317b4d8c157dd4f979823) Importer(815301076,1909f56bfc062723c751e8b465ee728b)
Start importing Assets/2D Space Kit/Readme.txt using Guid(430eb88e35c317b4d8c157dd4f979823) Importer(815301076,1909f56bfc062723c751e8b465ee728b)  -> (artifact id: 'e3881b6ee50f78409fea1bf35a5bac8e') in 0.053472 seconds 
  Import took 0.059995 seconds .

========================================================================
Received Import Request.
  Time since last request: 18.381605 seconds.
  path: Assets/2D Space Kit/Scripts
  artifactKey: Guid(85f80b00badc0bb4cbf3dbddb07b50d0) Importer(815301076,1909f56bfc062723c751e8b465ee728b)
Start importing Assets/2D Space Kit/Scripts using Guid(85f80b00badc0bb4cbf3dbddb07b50d0) Importer(815301076,1909f56bfc062723c751e8b465ee728b)  -> (artifact id: '47014b60137c743c9b2bcedd0758a965') in 0.002653 seconds 
  Import took 0.005989 seconds .

========================================================================
Received Import Request.
  Time since last request: 0.006023 seconds.
  path: Assets/2D Space Kit/Scripts
  artifactKey: Guid(85f80b00badc0bb4cbf3dbddb07b50d0) Importer(815301076,1909f56bfc062723c751e8b465ee728b)
Start importing Assets/2D Space Kit/Scripts using Guid(85f80b00badc0bb4cbf3dbddb07b50d0) Importer(815301076,1909f56bfc062723c751e8b465ee728b)  -> (artifact id: '47014b60137c743c9b2bcedd0758a965') in 0.002465 seconds 
  Import took 0.006514 seconds .

========================================================================
Received Prepare
Registering precompiled user dll's ...
Registered in 0.006186 seconds.
Begin MonoManager ReloadAssembly
Native extension for WindowsStandalone target not found
Refreshing native plugins compatible for Editor in 0.45 ms, found 3 plugins.
Preloading 0 native plugins for Editor in 0.00 ms.
Mono: successfully reloaded assembly
- Completed reload, in  1.207 seconds
Domain Reload Profiling:
	ReloadAssembly (1207ms)
		BeginReloadAssembly (124ms)
			ExecutionOrderSort (0ms)
			DisableScriptedObjects (7ms)
			BackupInstance (0ms)
			ReleaseScriptingObjects (0ms)
			CreateAndSetChildDomain (38ms)
		EndReloadAssembly (1009ms)
			LoadAssemblies (101ms)
			RebuildTransferFunctionScriptingTraits (0ms)
			SetupTypeCache (283ms)
			ReleaseScriptCaches (1ms)
			RebuildScriptCaches (51ms)
			SetupLoadedEditorAssemblies (466ms)
				LogAssemblyErrors (0ms)
				InitializePlatformSupportModulesInManaged (6ms)
				SetLoadedEditorAssemblies (0ms)
				RefreshPlugins (1ms)
				BeforeProcessingInitializeOnLoad (100ms)
				ProcessInitializeOnLoadAttributes (343ms)
				ProcessInitializeOnLoadMethodAttributes (6ms)
				AfterProcessingInitializeOnLoad (10ms)
				EditorAssembliesLoaded (0ms)
			ExecutionOrderSort2 (0ms)
			AwakeInstancesAfterBackupRestoration (12ms)
Platform modules already initialized, skipping
Refreshing native plugins compatible for Editor in 0.51 ms, found 3 plugins.
Preloading 0 native plugins for Editor in 0.00 ms.
Unloading 2081 Unused Serialized files (Serialized files now loaded: 0)
System memory in use before: 96.2 MB.
System memory in use after: 96.3 MB.

Unloading 25 unused Assets to reduce memory usage. Loaded Objects now: 2547.
Total: 3.169200 ms (FindLiveObjects: 0.187600 ms CreateObjectMapping: 0.071400 ms MarkObjects: 2.889200 ms  DeleteObjects: 0.020300 ms)

AssetImportParameters requested are different than current active one (requested -> active):
  custom:framework-win-MediaFoundation: 216162199b28c13a410421893ffa2e32 -> 
  custom:video-decoder-ogg-theora: a1e56fd34408186e4bbccfd4996cb3dc -> 
  custom:container-muxer-webm: aa71ff27fc2769a1b78a27578f13a17b -> 
  custom:container-demuxer-webm: 4f35f7cbe854078d1ac9338744f61a02 -> 
  custom:container-demuxer-ogg: 62fdf1f143b41e24485cea50d1cbac27 -> 
  custom:video-encoder-webm-vp8: eb34c28f22e8b96e1ab97ce403110664 -> 
  custom:video-codec-MediaFoundation-h265: 746d11721c4dcdbdad8f713fa42b33f4 -> 
  custom:video-decoder-webm-vp8: 9c59270c3fd7afecdb556c50c9e8de78 -> 
  custom:audio-decoder-ogg-vorbis: bf7c407c2cedff20999df2af8eb42d56 -> 
  custom:audio-encoder-webm-vorbis: bf7c407c2cedff20999df2af8eb42d56 -> 
========================================================================
Received Import Request.
  Time since last request: 11.464298 seconds.
  path: Assets/2D Space Kit/Turrets/Turret Medium 1.png
  artifactKey: Guid(b618a4750ef81c94c8bcde0fae940691) Importer(815301076,1909f56bfc062723c751e8b465ee728b)
Start importing Assets/2D Space Kit/Turrets/Turret Medium 1.png using Guid(b618a4750ef81c94c8bcde0fae940691) Importer(815301076,1909f56bfc062723c751e8b465ee728b)  -> (artifact id: '3491431a7f066634dac2e405369193c1') in 0.052550 seconds 
  Import took 0.055807 seconds .

========================================================================
Received Import Request.
  Time since last request: 0.000274 seconds.
  path: Assets/2D Space Kit/Turrets/Turret Small 3.png
  artifactKey: Guid(75d0fa0347708ef4498355b920afb845) Importer(815301076,1909f56bfc062723c751e8b465ee728b)
Start importing Assets/2D Space Kit/Turrets/Turret Small 3.png using Guid(75d0fa0347708ef4498355b920afb845) Importer(815301076,1909f56bfc062723c751e8b465ee728b)  -> (artifact id: '5388a329a636b322797bf0463dabfd48') in 0.014216 seconds 
  Import took 0.017167 seconds .

========================================================================
Received Import Request.
  Time since last request: 0.000283 seconds.
  path: Assets/2D Space Kit/Turrets/Turret Small 1.png
  artifactKey: Guid(c8a99bdd0f08b8c47af88824e592097b) Importer(815301076,1909f56bfc062723c751e8b465ee728b)
Start importing Assets/2D Space Kit/Turrets/Turret Small 1.png using Guid(c8a99bdd0f08b8c47af88824e592097b) Importer(815301076,1909f56bfc062723c751e8b465ee728b)  -> (artifact id: 'c9621c9356c21a000cfca7e72872af89') in 0.012881 seconds 
  Import took 0.015876 seconds .

========================================================================
Received Import Request.
  Time since last request: 0.000290 seconds.
  path: Assets/2D Space Kit/Turrets/Crosshair.png
  artifactKey: Guid(5960056f1a158354c9d34267efa08f77) Importer(815301076,1909f56bfc062723c751e8b465ee728b)
Start importing Assets/2D Space Kit/Turrets/Crosshair.png using Guid(5960056f1a158354c9d34267efa08f77) Importer(815301076,1909f56bfc062723c751e8b465ee728b)  -> (artifact id: '976c0086e5e0a08f82e1127cb8d03b35') in 0.007724 seconds 
  Import took 0.010734 seconds .

========================================================================
Received Import Request.
  Time since last request: 0.000301 seconds.
  path: Assets/2D Space Kit/Turrets/Turret Large 2.png
  artifactKey: Guid(9d7dfb09158050b4f87f70dcc341698c) Importer(815301076,1909f56bfc062723c751e8b465ee728b)
Start importing Assets/2D Space Kit/Turrets/Turret Large 2.png using Guid(9d7dfb09158050b4f87f70dcc341698c) Importer(815301076,1909f56bfc062723c751e8b465ee728b)  -> (artifact id: '9beec9e726b7ce457677bd5ee8910c97') in 0.010688 seconds 
  Import took 0.013834 seconds .

========================================================================
Received Import Request.
  Time since last request: 0.000310 seconds.
  path: Assets/2D Space Kit/Turrets
  artifactKey: Guid(4094687eccfb37f46b2fc708863074e5) Importer(815301076,1909f56bfc062723c751e8b465ee728b)
Start importing Assets/2D Space Kit/Turrets using Guid(4094687eccfb37f46b2fc708863074e5) Importer(815301076,1909f56bfc062723c751e8b465ee728b)  -> (artifact id: '0803580ef55e0916535d6ac4f6302b17') in 0.002547 seconds 
  Import took 0.005258 seconds .

========================================================================
Received Import Request.
  Time since last request: 0.000297 seconds.
  path: Assets/2D Space Kit/Turrets/Turret Small 2.png
  artifactKey: Guid(677b4bafa69a3f24b904f82f7fc3deee) Importer(815301076,1909f56bfc062723c751e8b465ee728b)
Start importing Assets/2D Space Kit/Turrets/Turret Small 2.png using Guid(677b4bafa69a3f24b904f82f7fc3deee) Importer(815301076,1909f56bfc062723c751e8b465ee728b)  -> (artifact id: '46946b15e0b6fec9086316f517067b50') in 0.010693 seconds 
  Import took 0.013780 seconds .

========================================================================
Received Import Request.
  Time since last request: 0.000313 seconds.
  path: Assets/2D Space Kit/Turrets/Turret Medium 3.png
  artifactKey: Guid(c2fcd762a8bd6cf4dbd18ba12ddc1525) Importer(815301076,1909f56bfc062723c751e8b465ee728b)
Start importing Assets/2D Space Kit/Turrets/Turret Medium 3.png using Guid(c2fcd762a8bd6cf4dbd18ba12ddc1525) Importer(815301076,1909f56bfc062723c751e8b465ee728b)  -> (artifact id: '95f903cfb22f60cb8029e5644f883465') in 0.012304 seconds 
  Import took 0.016279 seconds .

========================================================================
Received Import Request.
  Time since last request: 0.000344 seconds.
  path: Assets/2D Space Kit/Turrets/Turret Large 1.png
  artifactKey: Guid(f94df059a55ade342918fe7d0e8c2299) Importer(815301076,1909f56bfc062723c751e8b465ee728b)
Start importing Assets/2D Space Kit/Turrets/Turret Large 1.png using Guid(f94df059a55ade342918fe7d0e8c2299) Importer(815301076,1909f56bfc062723c751e8b465ee728b)  -> (artifact id: '4ff0ec728ca24b7a7c45cf0edf43e85f') in 0.014988 seconds 
  Import took 0.055473 seconds .

========================================================================
Received Import Request.
  Time since last request: 0.000314 seconds.
  path: Assets/2D Space Kit/Turrets/Turret Medium 2.png
  artifactKey: Guid(a1a667fce840ba24190516baafb53769) Importer(815301076,1909f56bfc062723c751e8b465ee728b)
Start importing Assets/2D Space Kit/Turrets/Turret Medium 2.png using Guid(a1a667fce840ba24190516baafb53769) Importer(815301076,1909f56bfc062723c751e8b465ee728b)  -> (artifact id: 'ba4b050e0c836d051a2266904c5fc764') in 0.012332 seconds 
  Import took 0.015980 seconds .

========================================================================
Received Import Request.
  Time since last request: 0.000308 seconds.
  path: Assets/2D Space Kit/Turrets/Turret Medium 4.png
  artifactKey: Guid(15b3732051178b24494389111427ff7a) Importer(815301076,1909f56bfc062723c751e8b465ee728b)
Start importing Assets/2D Space Kit/Turrets/Turret Medium 4.png using Guid(15b3732051178b24494389111427ff7a) Importer(815301076,1909f56bfc062723c751e8b465ee728b)  -> (artifact id: '0dcf4c9f2ea6ffb3aa9257f4193dfa13') in 0.010905 seconds 
  Import took 0.013783 seconds .

========================================================================
Received Import Request.
  Time since last request: 0.000312 seconds.
  path: Assets/2D Space Kit/Turrets/Turret Small 4.png
  artifactKey: Guid(b520897860de45a489bea7656ba71eef) Importer(815301076,1909f56bfc062723c751e8b465ee728b)
Start importing Assets/2D Space Kit/Turrets/Turret Small 4.png using Guid(b520897860de45a489bea7656ba71eef) Importer(815301076,1909f56bfc062723c751e8b465ee728b)  -> (artifact id: '01348826901875d34eab1d11dd49c263') in 0.010753 seconds 
  Import took 0.013815 seconds .

========================================================================
Received Import Request.
  Time since last request: 9.662883 seconds.
  path: Assets/2D Space Kit/Example Scene
  artifactKey: Guid(76076219bb1f96e4ba6e7dde3479e5d7) Importer(815301076,1909f56bfc062723c751e8b465ee728b)
Start importing Assets/2D Space Kit/Example Scene using Guid(76076219bb1f96e4ba6e7dde3479e5d7) Importer(815301076,1909f56bfc062723c751e8b465ee728b)  -> (artifact id: 'fad103b7c88dcda36c0097e630ebfcfb') in 0.003465 seconds 
  Import took 0.044385 seconds .

========================================================================
Received Import Request.
  Time since last request: 10.513070 seconds.
  path: Assets/Scenes
  artifactKey: Guid(a6d27927167387840a9f547f47017fcf) Importer(815301076,1909f56bfc062723c751e8b465ee728b)
Start importing Assets/Scenes using Guid(a6d27927167387840a9f547f47017fcf) Importer(815301076,1909f56bfc062723c751e8b465ee728b)  -> (artifact id: '14507251446ee1696f148c4c632802b3') in 0.004218 seconds 
  Import took 0.008523 seconds .

========================================================================
Received Import Request.
  Time since last request: 0.002467 seconds.
  path: Assets/Scenes
  artifactKey: Guid(a6d27927167387840a9f547f47017fcf) Importer(815301076,1909f56bfc062723c751e8b465ee728b)
Start importing Assets/Scenes using Guid(a6d27927167387840a9f547f47017fcf) Importer(815301076,1909f56bfc062723c751e8b465ee728b)  -> (artifact id: '14507251446ee1696f148c4c632802b3') in 0.003486 seconds 
  Import took 0.007627 seconds .

========================================================================
Received Import Request.
  Time since last request: 0.634018 seconds.
  path: Assets/Scenes/SampleScene.unity
  artifactKey: Guid(2cda990e2423bbf4892e6590ba056729) Importer(815301076,1909f56bfc062723c751e8b465ee728b)
Start importing Assets/Scenes/SampleScene.unity using Guid(2cda990e2423bbf4892e6590ba056729) Importer(815301076,1909f56bfc062723c751e8b465ee728b)  -> (artifact id: 'aa27944bdea339c97c39027c7eea529c') in 0.003483 seconds 
  Import took 0.006857 seconds .

========================================================================
Received Import Request.
  Time since last request: 0.005769 seconds.
  path: Assets/Scenes/SampleScene.unity
  artifactKey: Guid(2cda990e2423bbf4892e6590ba056729) Importer(815301076,1909f56bfc062723c751e8b465ee728b)
Start importing Assets/Scenes/SampleScene.unity using Guid(2cda990e2423bbf4892e6590ba056729) Importer(815301076,1909f56bfc062723c751e8b465ee728b)  -> (artifact id: 'aa27944bdea339c97c39027c7eea529c') in 0.002903 seconds 
  Import took 0.006299 seconds .

========================================================================
Received Import Request.
  Time since last request: 6.414969 seconds.
  path: Assets/Scenes/_MainScene.unity
  artifactKey: Guid(2cda990e2423bbf4892e6590ba056729) Importer(815301076,1909f56bfc062723c751e8b465ee728b)
Start importing Assets/Scenes/_MainScene.unity using Guid(2cda990e2423bbf4892e6590ba056729) Importer(815301076,1909f56bfc062723c751e8b465ee728b)  -> (artifact id: '4e191f83b0eb2c7ee67c7754c093da2e') in 0.004014 seconds 
  Import took 0.043348 seconds .

========================================================================
Received Import Request.
  Time since last request: 29.138529 seconds.
  path: Assets/Scenes/_MainMenu.unity
  artifactKey: Guid(4c1e958d6bb548743926a097ae74037f) Importer(815301076,1909f56bfc062723c751e8b465ee728b)
Start importing Assets/Scenes/_MainMenu.unity using Guid(4c1e958d6bb548743926a097ae74037f) Importer(815301076,1909f56bfc062723c751e8b465ee728b)  -> (artifact id: 'ddbab62f7514c4d9c38f412c1b4e4235') in 0.003492 seconds 
  Import took 0.008774 seconds .

========================================================================
Received Import Request.
  Time since last request: 0.032972 seconds.
  path: Assets/Scenes/_MainMenu.unity
  artifactKey: Guid(4c1e958d6bb548743926a097ae74037f) Importer(815301076,1909f56bfc062723c751e8b465ee728b)
Start importing Assets/Scenes/_MainMenu.unity using Guid(4c1e958d6bb548743926a097ae74037f) Importer(815301076,1909f56bfc062723c751e8b465ee728b)  -> (artifact id: 'ddbab62f7514c4d9c38f412c1b4e4235') in 0.003150 seconds 
  Import took 0.006747 seconds .

========================================================================
Received Prepare
Registering precompiled user dll's ...
Registered in 0.005735 seconds.
Begin MonoManager ReloadAssembly
Native extension for WindowsStandalone target not found
Refreshing native plugins compatible for Editor in 0.45 ms, found 3 plugins.
Preloading 0 native plugins for Editor in 0.00 ms.
Mono: successfully reloaded assembly
- Completed reload, in  1.181 seconds
Domain Reload Profiling:
	ReloadAssembly (1182ms)
		BeginReloadAssembly (127ms)
			ExecutionOrderSort (0ms)
			DisableScriptedObjects (7ms)
			BackupInstance (0ms)
			ReleaseScriptingObjects (0ms)
			CreateAndSetChildDomain (35ms)
		EndReloadAssembly (988ms)
			LoadAssemblies (101ms)
			RebuildTransferFunctionScriptingTraits (0ms)
			SetupTypeCache (300ms)
			ReleaseScriptCaches (1ms)
			RebuildScriptCaches (52ms)
			SetupLoadedEditorAssemblies (414ms)
				LogAssemblyErrors (0ms)
				InitializePlatformSupportModulesInManaged (6ms)
				SetLoadedEditorAssemblies (0ms)
				RefreshPlugins (1ms)
				BeforeProcessingInitializeOnLoad (99ms)
				ProcessInitializeOnLoadAttributes (294ms)
				ProcessInitializeOnLoadMethodAttributes (6ms)
				AfterProcessingInitializeOnLoad (9ms)
				EditorAssembliesLoaded (0ms)
			ExecutionOrderSort2 (0ms)
			AwakeInstancesAfterBackupRestoration (11ms)
Platform modules already initialized, skipping
Refreshing native plugins compatible for Editor in 0.52 ms, found 3 plugins.
Preloading 0 native plugins for Editor in 0.00 ms.
Unloading 2095 Unused Serialized files (Serialized files now loaded: 0)
System memory in use before: 98.4 MB.
System memory in use after: 97.9 MB.

Unloading 29 unused Assets to reduce memory usage. Loaded Objects now: 2573.
Total: 3.238400 ms (FindLiveObjects: 0.172000 ms CreateObjectMapping: 0.072500 ms MarkObjects: 2.715300 ms  DeleteObjects: 0.277800 ms)

AssetImportParameters requested are different than current active one (requested -> active):
  custom:framework-win-MediaFoundation: 216162199b28c13a410421893ffa2e32 -> 
  custom:video-decoder-ogg-theora: a1e56fd34408186e4bbccfd4996cb3dc -> 
  custom:container-muxer-webm: aa71ff27fc2769a1b78a27578f13a17b -> 
  custom:container-demuxer-webm: 4f35f7cbe854078d1ac9338744f61a02 -> 
  custom:container-demuxer-ogg: 62fdf1f143b41e24485cea50d1cbac27 -> 
  custom:video-encoder-webm-vp8: eb34c28f22e8b96e1ab97ce403110664 -> 
  custom:video-codec-MediaFoundation-h265: 746d11721c4dcdbdad8f713fa42b33f4 -> 
  custom:video-decoder-webm-vp8: 9c59270c3fd7afecdb556c50c9e8de78 -> 
  custom:audio-decoder-ogg-vorbis: bf7c407c2cedff20999df2af8eb42d56 -> 
  custom:audio-encoder-webm-vorbis: bf7c407c2cedff20999df2af8eb42d56 -> 
========================================================================
Received Import Request.
  Time since last request: 276.851346 seconds.
  path: Assets/2D Space Kit/Prefabs
  artifactKey: Guid(c80dbd094a50d8443b5d2eedba0b31cf) Importer(815301076,1909f56bfc062723c751e8b465ee728b)
Start importing Assets/2D Space Kit/Prefabs using Guid(c80dbd094a50d8443b5d2eedba0b31cf) Importer(815301076,1909f56bfc062723c751e8b465ee728b)  -> (artifact id: 'd626a0bcad98b6b5647a7082bc052201') in 0.005944 seconds 
  Import took 0.009155 seconds .

========================================================================
Received Import Request.
  Time since last request: 0.003846 seconds.
  path: Assets/2D Space Kit/Prefabs
  artifactKey: Guid(c80dbd094a50d8443b5d2eedba0b31cf) Importer(815301076,1909f56bfc062723c751e8b465ee728b)
Start importing Assets/2D Space Kit/Prefabs using Guid(c80dbd094a50d8443b5d2eedba0b31cf) Importer(815301076,1909f56bfc062723c751e8b465ee728b)  -> (artifact id: 'd626a0bcad98b6b5647a7082bc052201') in 0.002465 seconds 
  Import took 0.005916 seconds .

========================================================================
Received Import Request.
  Time since last request: 0.767553 seconds.
  path: Assets/2D Space Kit/Prefabs/Explosion.prefab
  artifactKey: Guid(cafecd3fc3b761c45bb1553f35cf5c96) Importer(815301076,1909f56bfc062723c751e8b465ee728b)
Start importing Assets/2D Space Kit/Prefabs/Explosion.prefab using Guid(cafecd3fc3b761c45bb1553f35cf5c96) Importer(815301076,1909f56bfc062723c751e8b465ee728b)  -> (artifact id: 'f88a4f6df971a4ca49af2c925992575b') in 0.156273 seconds 
  Import took 0.160019 seconds .

========================================================================
Received Import Request.
  Time since last request: 0.000336 seconds.
  path: Assets/2D Space Kit/Prefabs/Projectile Sharp.prefab
  artifactKey: Guid(bfe0ba4acc768a5448d46a6c63d8106a) Importer(815301076,1909f56bfc062723c751e8b465ee728b)
Start importing Assets/2D Space Kit/Prefabs/Projectile Sharp.prefab using Guid(bfe0ba4acc768a5448d46a6c63d8106a) Importer(815301076,1909f56bfc062723c751e8b465ee728b)  -> (artifact id: '8844bc3590d948e85afe5e47bca08657') in 0.038064 seconds 
  Import took 0.041174 seconds .

========================================================================
Received Import Request.
  Time since last request: 0.000298 seconds.
  path: Assets/2D Space Kit/Prefabs/Muzzle Flash.prefab
  artifactKey: Guid(565cdc2ed7b030a41accd8f00ae59a50) Importer(815301076,1909f56bfc062723c751e8b465ee728b)
Start importing Assets/2D Space Kit/Prefabs/Muzzle Flash.prefab using Guid(565cdc2ed7b030a41accd8f00ae59a50) Importer(815301076,1909f56bfc062723c751e8b465ee728b)  -> (artifact id: '3477fe19d04e71415e4fa23c02292b33') in 0.018646 seconds 
  Import took 0.022232 seconds .

========================================================================
Received Import Request.
  Time since last request: 120.557039 seconds.
  path: Assets/TextMesh Pro/Fonts/LiberationSans.ttf
  artifactKey: Guid(e3265ab4bf004d28a9537516768c1c75) Importer(815301076,1909f56bfc062723c751e8b465ee728b)
Start importing Assets/TextMesh Pro/Fonts/LiberationSans.ttf using Guid(e3265ab4bf004d28a9537516768c1c75) Importer(815301076,1909f56bfc062723c751e8b465ee728b)  -> (artifact id: 'bdddd331c3f1b7826858a8d92db67e39') in 0.069982 seconds 
  Import took 0.073283 seconds .

========================================================================
Received Import Request.
  Time since last request: 0.022792 seconds.
  path: Assets/TextMesh Pro/Fonts/LiberationSans.ttf
  artifactKey: Guid(e3265ab4bf004d28a9537516768c1c75) Importer(815301076,1909f56bfc062723c751e8b465ee728b)
Start importing Assets/TextMesh Pro/Fonts/LiberationSans.ttf using Guid(e3265ab4bf004d28a9537516768c1c75) Importer(815301076,1909f56bfc062723c751e8b465ee728b)  -> (artifact id: 'bdddd331c3f1b7826858a8d92db67e39') in 0.012095 seconds 
  Import took 0.015491 seconds .

========================================================================
Received Import Request.
  Time since last request: 3.438413 seconds.
  path: Assets
  artifactKey: Guid(00000000000000001000000000000000) Importer(815301076,1909f56bfc062723c751e8b465ee728b)
Start importing Assets using Guid(00000000000000001000000000000000) Importer(815301076,1909f56bfc062723c751e8b465ee728b)  -> (artifact id: '42d402b061de3733987d63b9cc3b64de') in 0.003402 seconds 
  Import took 0.007203 seconds .

========================================================================
Received Import Request.
  Time since last request: 0.004561 seconds.
  path: Assets
  artifactKey: Guid(00000000000000001000000000000000) Importer(815301076,1909f56bfc062723c751e8b465ee728b)
Start importing Assets using Guid(00000000000000001000000000000000) Importer(815301076,1909f56bfc062723c751e8b465ee728b)  -> (artifact id: '42d402b061de3733987d63b9cc3b64de') in 0.002385 seconds 
  Import took 0.005452 seconds .

========================================================================
Received Import Request.
  Time since last request: 4.503959 seconds.
  path: Assets/SquidFont
  artifactKey: Guid(4d3db5c2e76ec9041b534f620752a9e0) Importer(815301076,1909f56bfc062723c751e8b465ee728b)
Start importing Assets/SquidFont using Guid(4d3db5c2e76ec9041b534f620752a9e0) Importer(815301076,1909f56bfc062723c751e8b465ee728b)  -> (artifact id: 'ad32511404ac4be71239ea7ac9761c9c') in 0.003806 seconds 
  Import took 0.007579 seconds .

========================================================================
Received Import Request.
  Time since last request: 0.003085 seconds.
  path: Assets/SquidFont
  artifactKey: Guid(4d3db5c2e76ec9041b534f620752a9e0) Importer(815301076,1909f56bfc062723c751e8b465ee728b)
Start importing Assets/SquidFont using Guid(4d3db5c2e76ec9041b534f620752a9e0) Importer(815301076,1909f56bfc062723c751e8b465ee728b)  -> (artifact id: 'ad32511404ac4be71239ea7ac9761c9c') in 0.002427 seconds 
  Import took 0.005759 seconds .

========================================================================
Received Import Request.
  Time since last request: 20.508616 seconds.
  path: Assets/Game Of Squids.otf
  artifactKey: Guid(2cd263aaf38796645963ed143f22a537) Importer(815301076,1909f56bfc062723c751e8b465ee728b)
Start importing Assets/Game Of Squids.otf using Guid(2cd263aaf38796645963ed143f22a537) Importer(815301076,1909f56bfc062723c751e8b465ee728b)  -> (artifact id: '7662e68d79c0d6495b9ef320832fee2c') in 0.019555 seconds 
  Import took 0.023624 seconds .

========================================================================
Received Import Request.
  Time since last request: 0.000311 seconds.
  path: Assets/Game Of Squids.ttf
  artifactKey: Guid(8defa0661e6b17544a0046b8f3d4fc70) Importer(815301076,1909f56bfc062723c751e8b465ee728b)
Start importing Assets/Game Of Squids.ttf using Guid(8defa0661e6b17544a0046b8f3d4fc70) Importer(815301076,1909f56bfc062723c751e8b465ee728b)  -> (artifact id: 'ad86b91a380057e432aa1283a0ec6236') in 0.010166 seconds 
  Import took 0.013264 seconds .

========================================================================
Received Import Request.
  Time since last request: 17.833525 seconds.
  path: Assets/TextMesh Pro/Resources/Fonts & Materials/LiberationSans SDF.asset
  artifactKey: Guid(8f586378b4e144a9851e7b34d9b748ee) Importer(815301076,1909f56bfc062723c751e8b465ee728b)
Start importing Assets/TextMesh Pro/Resources/Fonts & Materials/LiberationSans SDF.asset using Guid(8f586378b4e144a9851e7b34d9b748ee) Importer(815301076,1909f56bfc062723c751e8b465ee728b)  -> (artifact id: 'f1280cc7be10b532b2897fc8654f95d3') in 0.061320 seconds 
  Import took 0.065403 seconds .

========================================================================
Received Import Request.
  Time since last request: 0.000319 seconds.
  path: Assets/TextMesh Pro/Resources/Fonts & Materials/LiberationSans SDF - Fallback.asset
  artifactKey: Guid(2e498d1c8094910479dc3e1b768306a4) Importer(815301076,1909f56bfc062723c751e8b465ee728b)
Start importing Assets/TextMesh Pro/Resources/Fonts & Materials/LiberationSans SDF - Fallback.asset using Guid(2e498d1c8094910479dc3e1b768306a4) Importer(815301076,1909f56bfc062723c751e8b465ee728b)  -> (artifact id: 'b8c2210586957436df79bf961aeff06e') in 0.019784 seconds 
  Import took 0.022927 seconds .

========================================================================
Received Import Request.
  Time since last request: 0.000294 seconds.
  path: Assets/TextMesh Pro/Resources/Fonts & Materials/LiberationSans SDF.asset
  artifactKey: Guid(8f586378b4e144a9851e7b34d9b748ee) Importer(815301076,1909f56bfc062723c751e8b465ee728b)
Start importing Assets/TextMesh Pro/Resources/Fonts & Materials/LiberationSans SDF.asset using Guid(8f586378b4e144a9851e7b34d9b748ee) Importer(815301076,1909f56bfc062723c751e8b465ee728b)  -> (artifact id: 'f1280cc7be10b532b2897fc8654f95d3') in 0.036642 seconds 
  Import took 0.039816 seconds .

========================================================================
Received Import Request.
  Time since last request: 0.023201 seconds.
  path: Assets/TextMesh Pro/Resources/Fonts & Materials/LiberationSans SDF - Fallback.asset
  artifactKey: Guid(2e498d1c8094910479dc3e1b768306a4) Importer(815301076,1909f56bfc062723c751e8b465ee728b)
Start importing Assets/TextMesh Pro/Resources/Fonts & Materials/LiberationSans SDF - Fallback.asset using Guid(2e498d1c8094910479dc3e1b768306a4) Importer(815301076,1909f56bfc062723c751e8b465ee728b)  -> (artifact id: 'b8c2210586957436df79bf961aeff06e') in 0.025473 seconds 
  Import took 0.032129 seconds .

========================================================================
Received Import Request.
  Time since last request: 47.198333 seconds.
  path: Assets/TextMesh Pro/Fonts
  artifactKey: Guid(6ab70aee4d56447429c680537fbf93ed) Importer(815301076,1909f56bfc062723c751e8b465ee728b)
Start importing Assets/TextMesh Pro/Fonts using Guid(6ab70aee4d56447429c680537fbf93ed) Importer(815301076,1909f56bfc062723c751e8b465ee728b)  -> (artifact id: 'c860dfdf0522eec1202f36843e52d436') in 0.003225 seconds 
  Import took 0.006516 seconds .

========================================================================
Received Import Request.
  Time since last request: 0.006318 seconds.
  path: Assets/TextMesh Pro/Fonts
  artifactKey: Guid(6ab70aee4d56447429c680537fbf93ed) Importer(815301076,1909f56bfc062723c751e8b465ee728b)
Start importing Assets/TextMesh Pro/Fonts using Guid(6ab70aee4d56447429c680537fbf93ed) Importer(815301076,1909f56bfc062723c751e8b465ee728b)  -> (artifact id: 'c860dfdf0522eec1202f36843e52d436') in 0.002556 seconds 
  Import took 0.006195 seconds .

========================================================================
Received Import Request.
  Time since last request: 3.068643 seconds.
  path: Assets/TextMesh Pro/Resources
  artifactKey: Guid(243e06394e614e5d99fab26083b707fa) Importer(815301076,1909f56bfc062723c751e8b465ee728b)
Start importing Assets/TextMesh Pro/Resources using Guid(243e06394e614e5d99fab26083b707fa) Importer(815301076,1909f56bfc062723c751e8b465ee728b)  -> (artifact id: '0df7051f5b12f3f69d646d60f9166c36') in 0.004007 seconds 
  Import took 0.008139 seconds .

========================================================================
Received Import Request.
  Time since last request: 0.003357 seconds.
  path: Assets/TextMesh Pro/Resources
  artifactKey: Guid(243e06394e614e5d99fab26083b707fa) Importer(815301076,1909f56bfc062723c751e8b465ee728b)
Start importing Assets/TextMesh Pro/Resources using Guid(243e06394e614e5d99fab26083b707fa) Importer(815301076,1909f56bfc062723c751e8b465ee728b)  -> (artifact id: '0df7051f5b12f3f69d646d60f9166c36') in 0.003286 seconds 
  Import took 0.007001 seconds .

========================================================================
Received Import Request.
  Time since last request: 0.769160 seconds.
  path: Assets/TextMesh Pro/Resources/TMP Settings.asset
  artifactKey: Guid(3f5b5dff67a942289a9defa416b206f3) Importer(815301076,1909f56bfc062723c751e8b465ee728b)
Start importing Assets/TextMesh Pro/Resources/TMP Settings.asset using Guid(3f5b5dff67a942289a9defa416b206f3) Importer(815301076,1909f56bfc062723c751e8b465ee728b)  -> (artifact id: '80217e6c75f9d2e4957cbc8093faaf48') in 0.034747 seconds 
  Import took 0.039242 seconds .

========================================================================
Received Import Request.
  Time since last request: 39.846465 seconds.
  path: Assets/SquidFont/Game Of Squids SDF.asset
  artifactKey: Guid(e852ef738fbf5624ea61865d68baf34f) Importer(815301076,1909f56bfc062723c751e8b465ee728b)
Start importing Assets/SquidFont/Game Of Squids SDF.asset using Guid(e852ef738fbf5624ea61865d68baf34f) Importer(815301076,1909f56bfc062723c751e8b465ee728b)  -> (artifact id: 'f4a6ca8e6a6edba9248dc110538648c3') in 0.044948 seconds 
  Import took 0.049470 seconds .

========================================================================
Received Import Request.
  Time since last request: 47.626663 seconds.
  path: Assets/SquidFont/Game Of Squids SDF.asset
  artifactKey: Guid(e852ef738fbf5624ea61865d68baf34f) Importer(815301076,1909f56bfc062723c751e8b465ee728b)
Start importing Assets/SquidFont/Game Of Squids SDF.asset using Guid(e852ef738fbf5624ea61865d68baf34f) Importer(815301076,1909f56bfc062723c751e8b465ee728b)  -> (artifact id: 'c19f82c70692cfa3d2af369b0531ccf7') in 0.037699 seconds 
  Import took 0.041411 seconds .

AssetImportWorkerClient::OnTransportError - code=2 error=End of file
